This is pdfTeX, Version 3.14159265-2.6-1.40.16 (TeX Live 2015/Debian) (preloaded format=pdflatex 2015.11.16)  10 FEB 2016 13:48
entering extended mode
 restricted \write18 enabled.
 %&-line parsing enabled.
**Will_I_Get_In.tex
(./Will_I_Get_In.tex
LaTeX2e <2015/01/01>
Babel <3.9l> and hyphenation patterns for 4 languages loaded.
(./sig-alternate-05-2015.cls
(/usr/share/texlive/texmf-dist/tex/latex/graphics/epsfig.sty
Package: epsfig 1999/02/16 v1.7a (e)psfig emulation (SPQR)

(/usr/share/texlive/texmf-dist/tex/latex/graphics/graphicx.sty
Package: graphicx 2014/10/28 v1.0g Enhanced LaTeX Graphics (DPC,SPQR)

(/usr/share/texlive/texmf-dist/tex/latex/graphics/keyval.sty
Package: keyval 2014/10/28 v1.15 key=value parser (DPC)
\KV@toks@=\toks14
)
(/usr/share/texlive/texmf-dist/tex/latex/graphics/graphics.sty
Package: graphics 2014/10/28 v1.0p Standard LaTeX Graphics (DPC,SPQR)

(/usr/share/texlive/texmf-dist/tex/latex/graphics/trig.sty
Package: trig 1999/03/16 v1.09 sin cos tan (DPC)
)
(/usr/share/texlive/texmf-dist/tex/latex/latexconfig/graphics.cfg
File: graphics.cfg 2010/04/23 v1.9 graphics configuration of TeX Live
)
Package graphics Info: Driver file: pdftex.def on input line 94.

(/usr/share/texlive/texmf-dist/tex/latex/pdftex-def/pdftex.def
File: pdftex.def 2011/05/27 v0.06d Graphics/color for pdfTeX

(/usr/share/texlive/texmf-dist/tex/generic/oberdiek/infwarerr.sty
Package: infwarerr 2010/04/08 v1.3 Providing info/warning/error messages (HO)
)
(/usr/share/texlive/texmf-dist/tex/generic/oberdiek/ltxcmds.sty
Package: ltxcmds 2011/11/09 v1.22 LaTeX kernel commands for general use (HO)
)
\Gread@gobject=\count79
))
\Gin@req@height=\dimen102
\Gin@req@width=\dimen103
)
\epsfxsize=\dimen104
\epsfysize=\dimen105
)
(/usr/share/texlive/texmf-dist/tex/latex/oberdiek/epstopdf.sty
Package: epstopdf 2010/02/09 v2.5 Conversion with epstopdf on the fly (HO)

(/usr/share/texlive/texmf-dist/tex/latex/oberdiek/epstopdf-base.sty
Package: epstopdf-base 2010/02/09 v2.5 Base part for package epstopdf

(/usr/share/texlive/texmf-dist/tex/latex/oberdiek/grfext.sty
Package: grfext 2010/08/19 v1.1 Manage graphics extensions (HO)

(/usr/share/texlive/texmf-dist/tex/generic/oberdiek/kvdefinekeys.sty
Package: kvdefinekeys 2011/04/07 v1.3 Define keys (HO)
))
(/usr/share/texlive/texmf-dist/tex/latex/oberdiek/kvoptions.sty
Package: kvoptions 2011/06/30 v3.11 Key value format for package options (HO)

(/usr/share/texlive/texmf-dist/tex/generic/oberdiek/kvsetkeys.sty
Package: kvsetkeys 2012/04/25 v1.16 Key value parser (HO)

(/usr/share/texlive/texmf-dist/tex/generic/oberdiek/etexcmds.sty
Package: etexcmds 2011/02/16 v1.5 Avoid name clashes with e-TeX commands (HO)

(/usr/share/texlive/texmf-dist/tex/generic/oberdiek/ifluatex.sty
Package: ifluatex 2010/03/01 v1.3 Provides the ifluatex switch (HO)
Package ifluatex Info: LuaTeX not detected.
)
Package etexcmds Info: Could not find \expanded.
(etexcmds)             That can mean that you are not using pdfTeX 1.50 or
(etexcmds)             that some package has redefined \expanded.
(etexcmds)             In the latter case, load this package earlier.
)))
(/usr/share/texlive/texmf-dist/tex/generic/oberdiek/pdftexcmds.sty
Package: pdftexcmds 2011/11/29 v0.20 Utility functions of pdfTeX for LuaTeX (HO
)

(/usr/share/texlive/texmf-dist/tex/generic/oberdiek/ifpdf.sty
Package: ifpdf 2011/01/30 v2.3 Provides the ifpdf switch (HO)
Package ifpdf Info: pdfTeX in PDF mode is detected.
)
Package pdftexcmds Info: LuaTeX not detected.
Package pdftexcmds Info: \pdf@primitive is available.
Package pdftexcmds Info: \pdf@ifprimitive is available.
Package pdftexcmds Info: \pdfdraftmode found.
)
Package grfext Info: Graphics extension search list:
(grfext)             [.png,.pdf,.jpg,.mps,.jpeg,.jbig2,.jb2,.PNG,.PDF,.JPG,.JPE
G,.JBIG2,.JB2,.eps]
(grfext)             \AppendGraphicsExtensions on input line 452.

(/usr/share/texlive/texmf-dist/tex/latex/latexconfig/epstopdf-sys.cfg
File: epstopdf-sys.cfg 2010/07/13 v1.3 Configuration of (r)epstopdf for TeX Liv
e
)))
(/usr/share/texlive/texmf-dist/tex/latex/amsfonts/amssymb.sty
Package: amssymb 2013/01/14 v3.01 AMS font symbols

(/usr/share/texlive/texmf-dist/tex/latex/amsfonts/amsfonts.sty
Package: amsfonts 2013/01/14 v3.01 Basic AMSFonts support
\@emptytoks=\toks15
\symAMSa=\mathgroup4
\symAMSb=\mathgroup5
LaTeX Font Info:    Overwriting math alphabet `\mathfrak' in version `bold'
(Font)                  U/euf/m/n --> U/euf/b/n on input line 106.
))
(/usr/share/texlive/texmf-dist/tex/latex/amsmath/amsmath.sty
Package: amsmath 2013/01/14 v2.14 AMS math features
\@mathmargin=\skip41

For additional information on amsmath, use the `?' option.
(/usr/share/texlive/texmf-dist/tex/latex/amsmath/amstext.sty
Package: amstext 2000/06/29 v2.01

(/usr/share/texlive/texmf-dist/tex/latex/amsmath/amsgen.sty
File: amsgen.sty 1999/11/30 v2.0
\@emptytoks=\toks16
\ex@=\dimen106
))
(/usr/share/texlive/texmf-dist/tex/latex/amsmath/amsbsy.sty
Package: amsbsy 1999/11/29 v1.2d
\pmbraise@=\dimen107
)
(/usr/share/texlive/texmf-dist/tex/latex/amsmath/amsopn.sty
Package: amsopn 1999/12/14 v2.01 operator names
)
\inf@bad=\count80
LaTeX Info: Redefining \frac on input line 210.
\uproot@=\count81
\leftroot@=\count82
LaTeX Info: Redefining \overline on input line 306.
\classnum@=\count83
\DOTSCASE@=\count84
LaTeX Info: Redefining \ldots on input line 378.
LaTeX Info: Redefining \dots on input line 381.
LaTeX Info: Redefining \cdots on input line 466.
\Mathstrutbox@=\box26
\strutbox@=\box27
\big@size=\dimen108
LaTeX Font Info:    Redeclaring font encoding OML on input line 566.
LaTeX Font Info:    Redeclaring font encoding OMS on input line 567.
\macc@depth=\count85
\c@MaxMatrixCols=\count86
\dotsspace@=\muskip10
\c@parentequation=\count87
\dspbrk@lvl=\count88
\tag@help=\toks17
\row@=\count89
\column@=\count90
\maxfields@=\count91
\andhelp@=\toks18
\eqnshift@=\dimen109
\alignsep@=\dimen110
\tagshift@=\dimen111
\tagwidth@=\dimen112
\totwidth@=\dimen113
\lineht@=\dimen114
\@envbody=\toks19
\multlinegap=\skip42
\multlinetaggap=\skip43
\mathdisplay@stack=\toks20
LaTeX Info: Redefining \[ on input line 2665.
LaTeX Info: Redefining \] on input line 2666.
)
(/usr/share/texlive/texmf-dist/tex/latex/multirow/multirow.sty
\bigstrutjot=\dimen115
)
(/usr/share/texlive/texmf-dist/tex/latex/tablefootnote/tablefootnote.sty
Package: tablefootnote 2014/01/26 v1.1c Table foot notes (HMM)

(/usr/share/texlive/texmf-dist/tex/latex/oberdiek/letltxmacro.sty
Package: letltxmacro 2010/09/02 v1.4 Let assignment for LaTeX macros (HO)
)
(/usr/share/texlive/texmf-dist/tex/latex/xifthen/xifthen.sty
Package: xifthen 2009/04/17 v1.3 Extended ifthen features

(/usr/share/texlive/texmf-dist/tex/latex/etex-pkg/etex.sty
Package: etex 2015/03/02 v2.1 eTeX basic definition package (PEB,DPC)
\et@xins=\count92
)
(/usr/share/texlive/texmf-dist/tex/latex/tools/calc.sty
Package: calc 2014/10/28 v4.3 Infix arithmetic (KKT,FJ)
\calc@Acount=\count93
\calc@Bcount=\count94
\calc@Adimen=\dimen116
\calc@Bdimen=\dimen117
\calc@Askip=\skip44
\calc@Bskip=\skip45
LaTeX Info: Redefining \setlength on input line 80.
LaTeX Info: Redefining \addtolength on input line 81.
\calc@Ccount=\count95
\calc@Cskip=\skip46
)
(/usr/share/texlive/texmf-dist/tex/latex/base/ifthen.sty
Package: ifthen 2014/09/29 v1.1c Standard LaTeX ifthen package (DPC)
)
(/usr/share/texlive/texmf-dist/tex/latex/ifmtarg/ifmtarg.sty
Package: ifmtarg 2009/09/02 v1.2a check for an empty argument
))
(/usr/share/texlive/texmf-dist/tex/latex/etoolbox/etoolbox.sty
Package: etoolbox 2015/08/02 v2.2a e-TeX tools for LaTeX (JAW)
\etb@tempcnta=\count96
))
(/usr/share/texlive/texmf-dist/tex/latex/graphics/color.sty
Package: color 2014/10/28 v1.1a Standard LaTeX Color (DPC)

(/usr/share/texlive/texmf-dist/tex/latex/latexconfig/color.cfg
File: color.cfg 2007/01/18 v1.5 color configuration of teTeX/TeXLive
)
Package color Info: Driver file: pdftex.def on input line 142.

(/usr/share/texlive/texmf-dist/tex/latex/graphics/dvipsnam.def
File: dvipsnam.def 2014/10/14 v3.0j Driver-dependent file (DPC,SPQR)
))
Document Class 'sig-alternate' <9th June '13>. Modified by G.K.M. Tobin/Gerry M
urray/Boris Veytsman
Based in part upon document Style `acmconf' <22 May 89>. Hacked 4/91 by
shivers@cs.cmu.edu, 4/93 by theobald@cs.mcgill.ca
Excerpts were taken from (Journal Style) 'esub2acm.cls'.
****** Bugs/comments/suggestions/technicalities to Gerry Murray -- murray@hq.ac
m.org ******
Questions on the style, SIGS policies, etc. to Adrienne Griscti griscti@acm.org

\ACM@basesize=\count97
(/usr/share/texlive/texmf-dist/tex/latex/comment/comment.sty
\CommentStream=\write3

Excluding comment 'comment') Excluding comment 'CCSXML'
\footheight=\dimen118
\@maxsep=\dimen119
\@dblmaxsep=\dimen120
\aucount=\count98
\originalaucount=\count99
\auwidth=\dimen121
\auskip=\dimen122
\auskipcount=\count100
\auskip=\dimen123
\allauboxes=\dimen124
\addauthors=\toks21
\addauflag=\count101
\subtitletext=\toks22
\savesection=\count102
\sectioncntr=\count103
\c@figure=\count104
\c@table=\count105
\titleboxnotes=\toks23
\titleboxnoteflag=\count106


LaTeX Warning: You have requested document class `sig-alternate-05-2015',
               but the document class provides `sig-alternate'.

Document Class: sig-alternate 2013/05/12 v2.7 based on acmproc.cls V1.3 <Nov. 3
0 '99>
(/usr/share/texlive/texmf-dist/tex/latex/base/latexsym.sty
Package: latexsym 1998/08/17 v2.2e Standard LaTeX package (lasy symbols)
\symlasy=\mathgroup6
LaTeX Font Info:    Overwriting symbol font `lasy' in version `bold'
(Font)                  U/lasy/m/n --> U/lasy/b/n on input line 52.
)
\@acmtitlebox=\box28
\titlenotecount=\count107
\tntoks=\toks24
\tntokstwo=\toks25
\tntoksthree=\toks26
\tntoksfour=\toks27
\tntoksfive=\toks28
\catcount=\count108
\copyrightnotice=\toks29
\conf=\toks30
\confinfo=\toks31
\c@part=\count109
\c@section=\count110
\c@subsection=\count111
\c@subsubsection=\count112
\c@paragraph=\count113

Using 'Abbrev' bibliography style
LaTeX Info: Redefining \cite on input line 1413.
\bibindent=\dimen125
\colcntr=\count114
\saveb@x=\box29
\copyrtyr=\toks32
\acmcopyr=\toks33
\boilerplate=\toks34
(/usr/share/texlive/texmf-dist/tex/latex/url/url.sty
\Urlmuskip=\muskip11
Package: url 2013/09/16  ver 3.4  Verb mode for urls, etc.
) (./acmcopyright.sty
Package: acmcopyright 2014/06/29 v1.2 Copyright statemens for ACM classes

(/usr/share/texlive/texmf-dist/tex/latex/xkeyval/xkeyval.sty
Package: xkeyval 2014/12/03 v2.7a package option processing (HA)

(/usr/share/texlive/texmf-dist/tex/generic/xkeyval/xkeyval.tex
(/usr/share/texlive/texmf-dist/tex/generic/xkeyval/xkvutils.tex
\XKV@toks=\toks35
\XKV@tempa@toks=\toks36
)
\XKV@depth=\count115
File: xkeyval.tex 2014/12/03 v2.7a key=value parser (HA)
)))
\copyrightetc=\toks37

(/usr/share/texlive/texmf-dist/tex/latex/base/fontenc.sty
Package: fontenc 2005/09/27 v1.99g Standard LaTeX package

(/usr/share/texlive/texmf-dist/tex/latex/base/t1enc.def
File: t1enc.def 2005/09/27 v1.99g Standard LaTeX file
LaTeX Font Info:    Redeclaring font encoding T1 on input line 48.
)
LaTeX Font Info:    Try loading font information for T1+aer on input line 105.

(/usr/share/texlive/texmf-dist/tex/latex/ae/t1aer.fd
File: t1aer.fd 1997/11/16 Font definitions for T1/aer.
))) (./Will_I_Get_In.aux

LaTeX Warning: Label `tab:em-gain' multiply defined.

)
\openout1 = `Will_I_Get_In.aux'.

LaTeX Font Info:    Checking defaults for OML/cmm/m/it on input line 51.
LaTeX Font Info:    ... okay on input line 51.
LaTeX Font Info:    Checking defaults for T1/cmr/m/n on input line 51.
LaTeX Font Info:    ... okay on input line 51.
LaTeX Font Info:    Checking defaults for OT1/cmr/m/n on input line 51.
LaTeX Font Info:    ... okay on input line 51.
LaTeX Font Info:    Checking defaults for OMS/cmsy/m/n on input line 51.
LaTeX Font Info:    ... okay on input line 51.
LaTeX Font Info:    Checking defaults for OMX/cmex/m/n on input line 51.
LaTeX Font Info:    ... okay on input line 51.
LaTeX Font Info:    Checking defaults for U/cmr/m/n on input line 51.
LaTeX Font Info:    ... okay on input line 51.
 (/usr/share/texlive/texmf-dist/tex/context/base/supp-pdf.mkii
[Loading MPS to PDF converter (version 2006.09.02).]
\scratchcounter=\count116
\scratchdimen=\dimen126
\scratchbox=\box30
\nofMPsegments=\count117
\nofMParguments=\count118
\everyMPshowfont=\toks38
\MPscratchCnt=\count119
\MPscratchDim=\dimen127
\MPnumerator=\count120
\makeMPintoPDFobject=\count121
\everyMPtoPDFconversion=\toks39
)
LaTeX Font Info:    Try loading font information for U+msa on input line 136.
 (/usr/share/texlive/texmf-dist/tex/latex/amsfonts/umsa.fd
File: umsa.fd 2013/01/14 v3.01 AMS symbols A
)
LaTeX Font Info:    Try loading font information for U+msb on input line 136.

(/usr/share/texlive/texmf-dist/tex/latex/amsfonts/umsb.fd
File: umsb.fd 2013/01/14 v3.01 AMS symbols B
)
LaTeX Font Info:    Try loading font information for U+lasy on input line 136.

(/usr/share/texlive/texmf-dist/tex/latex/base/ulasy.fd
File: ulasy.fd 1998/08/17 v2.2e LaTeX symbol font definitions
)
LaTeX Font Info:    Try loading font information for T1+ptm on input line 136.

(/usr/share/texlive/texmf-dist/tex/latex/psnfss/t1ptm.fd
File: t1ptm.fd 2001/06/04 font definitions for T1/ptm.
)
LaTeX Font Info:    Try loading font information for OMS+ptm on input line 136.


(/usr/share/texlive/texmf-dist/tex/latex/psnfss/omsptm.fd
File: omsptm.fd 
)
LaTeX Font Info:    Font shape `OMS/ptm/m/n' in size <7> not available
(Font)              Font shape `OMS/cmsy/m/n' tried instead on input line 136.

Excluding 'CCSXML' comment.
LaTeX Font Info:    Try loading font information for OMS+aer on input line 180.


(/usr/share/texlive/texmf-dist/tex/latex/ae/omsaer.fd
File: omsaer.fd 1999/12/27
)
LaTeX Font Info:    Font shape `OMS/aer/m/n' in size <9> not available
(Font)              Font shape `OMS/cmsy/m/n' tried instead on input line 180.
 [1{/var/lib/texmf/fonts/map/pdftex/updmap/pdftex.map}


]

LaTeX Warning: No positions in optional float specifier.
               Default added (so using `tbp') on input line 209.


Overfull \hbox (12.70601pt too wide) in paragraph at lines 213--233
 [][] 
 []


Overfull \hbox (2.9597pt too wide) in paragraph at lines 240--242
[]\T1/aer/bx/n/9 Feature En-gi-neer-ing: \T1/aer/m/n/9 The dataset con-tains se
v-eral fields
 []


Overfull \hbox (3.78673pt too wide) in paragraph at lines 240--242
\T1/aer/m/n/9 such as stan-dard-ized test scores and aca-demic his-tory records
.
 []

[2]
Overfull \hbox (2.5998pt too wide) in paragraph at lines 253--254
[]\T1/aer/m/n/9 We as-sume a la-tent (hid-den) vari-able called Pro-gram Type,
 []


Overfull \hbox (7.58861pt too wide) in paragraph at lines 293--293
[] 
 []

[3]
Overfull \hbox (3.63297pt too wide) in paragraph at lines 335--337
\OML/cmm/m/it/9 Precision \OT1/cmr/m/n/9 = []\OML/cmm/m/it/9 ;  []Recall \OT1/c
mr/m/n/9 = 1\OML/cmm/m/it/9 ;  [][]$ 
 []


Overfull \hbox (3.63297pt too wide) in paragraph at lines 337--339
\OML/cmm/m/it/9 Precision \OT1/cmr/m/n/9 = []\OML/cmm/m/it/9 ;  []Recall \OT1/c
mr/m/n/9 = 1\OML/cmm/m/it/9 ;  [][]$ 
 []


LaTeX Warning: No positions in optional float specifier.
               Default added (so using `tbp') on input line 351.

[4]
Overfull \hbox (1.84285pt too wide) in paragraph at lines 384--385
\T1/aer/m/n/9 bounded-depth and then us-ing pre-dic-tions of these clas-
 []

Package epstopdf Info: Source file: <sparse_label_vs_simple_tree_em.eps>
(epstopdf)                    date: 2016-02-10 13:25:19
(epstopdf)                    size: 86055 bytes
(epstopdf)             Output file: <sparse_label_vs_simple_tree_em-eps-convert
ed-to.pdf>
(epstopdf)                    date: 2016-02-10 13:25:46
(epstopdf)                    size: 17336 bytes
(epstopdf)             Command: <repstopdf --outfile=sparse_label_vs_simple_tre
e_em-eps-converted-to.pdf sparse_label_vs_simple_tree_em.eps>
(epstopdf)             \includegraphics on input line 419.
Package epstopdf Info: Output file is already uptodate.

<sparse_label_vs_simple_tree_em-eps-converted-to.pdf, id=35, 421.575pt x 343.28
25pt>
File: sparse_label_vs_simple_tree_em-eps-converted-to.pdf Graphic file (type pd
f)
 <use sparse_label_vs_simple_tree_em-eps-converted-to.pdf>
Package pdftex.def Info: sparse_label_vs_simple_tree_em-eps-converted-to.pdf us
ed on input line 419.
(pdftex.def)             Requested size: 231.86696pt x 188.80594pt.
Package epstopdf Info: Source file: <acceptance_ratio_vs_simple_tree_em.eps>
(epstopdf)                    date: 2016-02-10 13:28:30
(epstopdf)                    size: 83295 bytes
(epstopdf)             Output file: <acceptance_ratio_vs_simple_tree_em-eps-con
verted-to.pdf>
(epstopdf)                    date: 2016-02-10 13:28:49
(epstopdf)                    size: 16697 bytes
(epstopdf)             Command: <repstopdf --outfile=acceptance_ratio_vs_simple
_tree_em-eps-converted-to.pdf acceptance_ratio_vs_simple_tree_em.eps>
(epstopdf)             \includegraphics on input line 427.
Package epstopdf Info: Output file is already uptodate.

<acceptance_ratio_vs_simple_tree_em-eps-converted-to.pdf, id=36, 421.575pt x 32
2.20375pt>
File: acceptance_ratio_vs_simple_tree_em-eps-converted-to.pdf Graphic file (typ
e pdf)
 <use acceptance_ratio_vs_simple_tree_em-eps-converted-to.pdf>
Package pdftex.def Info: acceptance_ratio_vs_simple_tree_em-eps-converted-to.pd
f used on input line 427.
(pdftex.def)             Requested size: 252.94695pt x 193.32373pt.

Overfull \hbox (12.94695pt too wide) in paragraph at lines 427--429
 [][] 
 []

[5 <./sparse_label_vs_simple_tree_em-eps-converted-to.pdf> <./acceptance_ratio_
vs_simple_tree_em-eps-converted-to.pdf>]
Package epstopdf Info: Source file: <rank_vs_simple_tree_em.eps>
(epstopdf)                    date: 2016-02-10 13:31:15
(epstopdf)                    size: 82175 bytes
(epstopdf)             Output file: <rank_vs_simple_tree_em-eps-converted-to.pd
f>
(epstopdf)                    date: 2016-02-10 13:31:37
(epstopdf)                    size: 16683 bytes
(epstopdf)             Command: <repstopdf --outfile=rank_vs_simple_tree_em-eps
-converted-to.pdf rank_vs_simple_tree_em.eps>
(epstopdf)             \includegraphics on input line 460.
Package epstopdf Info: Output file is already uptodate.

<rank_vs_simple_tree_em-eps-converted-to.pdf, id=50, 421.575pt x 322.20375pt>
File: rank_vs_simple_tree_em-eps-converted-to.pdf Graphic file (type pdf)

<use rank_vs_simple_tree_em-eps-converted-to.pdf>
Package pdftex.def Info: rank_vs_simple_tree_em-eps-converted-to.pdf used on in
put line 460.
(pdftex.def)             Requested size: 252.94695pt x 193.32373pt.

Overfull \hbox (12.94695pt too wide) in paragraph at lines 460--462
 [][] 
 []

Package epstopdf Info: Source file: <ablation.eps>
(epstopdf)                    date: 2016-02-04 02:51:57
(epstopdf)                    size: 21621 bytes
(epstopdf)             Output file: <ablation-eps-converted-to.pdf>
(epstopdf)                    date: 2016-02-04 02:51:57
(epstopdf)                    size: 8565 bytes
(epstopdf)             Command: <repstopdf --outfile=ablation-eps-converted-to.
pdf ablation.eps>
(epstopdf)             \includegraphics on input line 473.
Package epstopdf Info: Output file is already uptodate.
<ablation-eps-converted-to.pdf, id=51, 414.54875pt x 315.1775pt>
File: ablation-eps-converted-to.pdf Graphic file (type pdf)

<use ablation-eps-converted-to.pdf>
Package pdftex.def Info: ablation-eps-converted-to.pdf used on input line 473.
(pdftex.def)             Requested size: 248.73116pt x 189.10796pt.

Overfull \hbox (8.73116pt too wide) in paragraph at lines 473--474
 [][] 
 []


Overfull \hbox (8.35417pt too wide) in paragraph at lines 483--483
[]\T1/aer/m/n/9 Index| 
 []


Overfull \hbox (4.0504pt too wide) in paragraph at lines 483--483
[]\T1/aer/m/n/9 Individual
 []


Overfull \hbox (3.1027pt too wide) in paragraph at lines 512--513
[]\T1/aer/m/n/9 We ob-served from ex-per-i-ments that GPA re-sults in a higher
 []

[6 <./rank_vs_simple_tree_em-eps-converted-to.pdf> <./ablation-eps-converted-to
.pdf>]
Underfull \hbox (badness 10000) in paragraph at lines 524--524
[]\T1/aer/m/n/9 EM
 []


Underfull \hbox (badness 10000) in paragraph at lines 524--524
\T1/aer/m/n/9 +
 []


Underfull \hbox (badness 10000) in paragraph at lines 524--524
[]\T1/aer/m/n/9 EM
 []


Overfull \hbox (8.49837pt too wide) in paragraph at lines 564--565
\T1/aer/m/n/9 tion: Rank-A=47, Rank-B=217, Rank-C=363, Rank-D=2354.
 []

[7]
Package epstopdf Info: Source file: <undergrad_rank_gain.eps>
(epstopdf)                    date: 2016-02-04 02:51:57
(epstopdf)                    size: 77729 bytes
(epstopdf)             Output file: <undergrad_rank_gain-eps-converted-to.pdf>
(epstopdf)                    date: 2016-02-04 02:51:57
(epstopdf)                    size: 7982 bytes
(epstopdf)             Command: <repstopdf --outfile=undergrad_rank_gain-eps-co
nverted-to.pdf undergrad_rank_gain.eps>
(epstopdf)             \includegraphics on input line 574.
Package epstopdf Info: Output file is already uptodate.
 <undergrad_rank_gain-eps-converted-to.pdf, id=72, 421.575pt x 316.18124pt>
File: undergrad_rank_gain-eps-converted-to.pdf Graphic file (type pdf)

<use undergrad_rank_gain-eps-converted-to.pdf>
Package pdftex.def Info: undergrad_rank_gain-eps-converted-to.pdf used on input
 line 574.
(pdftex.def)             Requested size: 252.94695pt x 189.7102pt.

Overfull \hbox (12.94695pt too wide) in paragraph at lines 574--575
 [][] 
 []


Overfull \hbox (6.83504pt too wide) in paragraph at lines 584--584
[]\T1/aer/m/n/9 RSSDRL| 
 []


Overfull \hbox (8.63509pt too wide) in paragraph at lines 584--584
[]\T1/aer/m/n/9 RSUDRL| 
 []


Overfull \hbox (4.63371pt too wide) in paragraph at lines 583--591
 [][] 
 []

[8 <./undergrad_rank_gain-eps-converted-to.pdf>]
Overfull \hbox (9.33783pt too wide) in paragraph at lines 649--649
[]\T1/aer/bx/n/9 Support| 
 []


Underfull \vbox (badness 10000) has occurred while \output is active []

 [9]
Overfull \hbox (4.25508pt too wide) in paragraph at lines 693--694
[]\T1/aer/m/n/9 This pa-per stud-ies the grad-u-ate ad-mis-sion pro-cess in Ame
r-
 []

(./Will_I_Get_In.bbl) [10] (./Will_I_Get_In.aux)

LaTeX Warning: There were multiply-defined labels.

 ) 
Here is how much of TeX's memory you used:
 4159 strings out of 494957
 55519 string characters out of 6180027
 142640 words of memory out of 5000000
 7237 multiletter control sequences out of 15000+600000
 59886 words of font info for 85 fonts, out of 8000000 for 9000
 36 hyphenation exceptions out of 8191
 49i,16n,34p,1785b,484s stack positions out of 5000i,500n,10000p,200000b,80000s
{/usr/share/texlive/texmf-dist/fonts/enc/dvips/base/8r.enc}</usr/share/texliv
e/texmf-dist/fonts/type1/public/amsfonts/cm/cmbx6.pfb></usr/share/texlive/texmf
-dist/fonts/type1/public/amsfonts/cm/cmbx9.pfb></usr/share/texlive/texmf-dist/f
onts/type1/public/amsfonts/cmextra/cmex7.pfb></usr/share/texlive/texmf-dist/fon
ts/type1/public/amsfonts/cmextra/cmex9.pfb></usr/share/texlive/texmf-dist/fonts
/type1/public/amsfonts/cm/cmmi5.pfb></usr/share/texlive/texmf-dist/fonts/type1/
public/amsfonts/cm/cmmi6.pfb></usr/share/texlive/texmf-dist/fonts/type1/public/
amsfonts/cm/cmmi9.pfb></usr/share/texlive/texmf-dist/fonts/type1/public/amsfont
s/cm/cmr5.pfb></usr/share/texlive/texmf-dist/fonts/type1/public/amsfonts/cm/cmr
6.pfb></usr/share/texlive/texmf-dist/fonts/type1/public/amsfonts/cm/cmr8.pfb></
usr/share/texlive/texmf-dist/fonts/type1/public/amsfonts/cm/cmr9.pfb></usr/shar
e/texlive/texmf-dist/fonts/type1/public/amsfonts/cm/cmsy6.pfb></usr/share/texli
ve/texmf-dist/fonts/type1/public/amsfonts/cm/cmsy7.pfb></usr/share/texlive/texm
f-dist/fonts/type1/public/amsfonts/cm/cmsy9.pfb></usr/share/texlive/texmf-dist/
fonts/type1/public/amsfonts/cm/cmti9.pfb></usr/share/texlive/texmf-dist/fonts/t
ype1/urw/helvetic/uhvb8a.pfb></usr/share/texlive/texmf-dist/fonts/type1/urw/hel
vetic/uhvr8a.pfb></usr/share/texlive/texmf-dist/fonts/type1/urw/times/utmb8a.pf
b></usr/share/texlive/texmf-dist/fonts/type1/urw/times/utmr8a.pfb></usr/share/t
exlive/texmf-dist/fonts/type1/urw/times/utmri8a.pfb>
Output written on Will_I_Get_In.pdf (10 pages, 340158 bytes).
PDF statistics:
 156 PDF objects out of 1000 (max. 8388607)
 110 compressed objects within 2 object streams
 0 named destinations out of 1000 (max. 500000)
 26 words of extra memory for PDF output out of 10000 (max. 10000000)

